2025-04-01 09:50:09,812 - __main__ - INFO - Starting the bot...
2025-04-01 09:50:10,407 - __main__ - INFO - Bot is ready to handle requests
2025-04-01 09:50:12,530 - __main__ - INFO - Received /compare command from chat_id: 409847377
2025-04-01 09:50:13,519 - __main__ - INFO - Successfully fetched CBR rates: {'AUD': 53.6917, 'AZN': 50.2919, 'GBP': 110.6408, 'AMD': 0.21834199999999998, 'BYN': 27.2959, 'BGN': 47.1975, 'BRL': 14.8284, 'HUF': 0.23034300000000002, 'VND': 0.0034423, 'HKD': 11.0105, 'GEL': 30.8952, 'DKK': 12.3714, 'AED': 23.2801, 'USD': 85.4963, 'EUR': 92.4276, 'EGP': 1.6901700000000002, 'INR': 0.999006, 'IDR': 0.00515411, 'KZT': 0.169831, 'CAD': 59.7584, 'QAR': 23.488, 'KGS': 0.9883379999999999, 'CNY': 11.7136, 'MDL': 4.73687, 'NZD': 48.8141, 'NOK': 8.17341, 'PLN': 22.1247, 'RON': 18.5841, 'XDR': 113.3373, 'SGD': 63.7556, 'TJS': 7.840680000000001, 'THB': 2.52105, 'TRY': 2.2618300000000002, 'TMT': 24.4275, 'UZS': 0.00662085, 'UAH': 2.06121, 'CZK': 3.70451, 'SEK': 8.53146, 'CHF': 97.0777, 'RSD': 0.790331, 'ZAR': 4.67313, 'KRW': 0.0582996, 'JPY': 0.571958}
2025-04-01 09:50:13,521 - __main__ - INFO - Fetching USD/RUB from Investing.com URL: https://www.investing.com/currencies/usd-rub
2025-04-01 09:50:18,997 - __main__ - INFO - Found price text: 85.2492
2025-04-01 09:50:18,998 - __main__ - INFO - Successfully parsed rate 85.2492 from 85.2492
2025-04-01 09:50:19,918 - __main__ - INFO - Fetching CNY/RUB from Investing.com URL: https://www.investing.com/currencies/cny-rub
2025-04-01 09:50:24,943 - __main__ - INFO - Found price text: 11.7304
2025-04-01 09:50:24,943 - __main__ - INFO - Successfully parsed rate 11.7304 from 11.7304
2025-04-01 09:50:25,974 - __main__ - INFO - Fetching USD/CNY from Investing.com URL: https://www.investing.com/currencies/usd-cny
2025-04-01 09:50:31,096 - __main__ - INFO - Found price text: 7.2675
2025-04-01 09:50:31,096 - __main__ - INFO - Successfully parsed rate 7.2675 from 7.2675
2025-04-01 09:50:32,168 - __main__ - INFO - Fetching USD/RUB from ProFinance URL: https://www.profinance.ru/chart/usdrub/
2025-04-01 09:50:35,715 - __main__ - INFO - Trying selector #last
2025-04-01 09:50:40,722 - __main__ - INFO - Selector #last failed: Timeout 5000ms exceeded.
2025-04-01 09:50:40,722 - __main__ - INFO - Trying selector .price-large
2025-04-01 09:50:45,745 - __main__ - INFO - Selector .price-large failed: Timeout 5000ms exceeded.
2025-04-01 09:50:45,745 - __main__ - INFO - Trying selector .price
2025-04-01 09:50:50,751 - __main__ - INFO - Selector .price failed: Timeout 5000ms exceeded.
2025-04-01 09:50:50,752 - __main__ - INFO - Trying selector .last
2025-04-01 09:50:55,759 - __main__ - INFO - Selector .last failed: Timeout 5000ms exceeded.
2025-04-01 09:50:55,759 - __main__ - INFO - Trying selector #last_last
2025-04-01 09:51:00,769 - __main__ - INFO - Selector #last_last failed: Timeout 5000ms exceeded.
2025-04-01 09:51:00,769 - __main__ - ERROR - Could not find valid price element for USD/RUB on ProFinance
2025-04-01 09:51:01,645 - __main__ - INFO - Fetching CNY/RUB from ProFinance URL: https://www.profinance.ru/chart/cnyrub/
2025-04-01 09:51:05,178 - __main__ - INFO - Trying selector #last
2025-04-01 09:51:10,184 - __main__ - INFO - Selector #last failed: Timeout 5000ms exceeded.
2025-04-01 09:51:10,184 - __main__ - INFO - Trying selector .price-large
2025-04-01 09:51:15,194 - __main__ - INFO - Selector .price-large failed: Timeout 5000ms exceeded.
2025-04-01 09:51:15,194 - __main__ - INFO - Trying selector .price
2025-04-01 09:51:20,201 - __main__ - INFO - Selector .price failed: Timeout 5000ms exceeded.
2025-04-01 09:51:20,201 - __main__ - INFO - Trying selector .last
2025-04-01 09:51:25,208 - __main__ - INFO - Selector .last failed: Timeout 5000ms exceeded.
2025-04-01 09:51:25,208 - __main__ - INFO - Trying selector #last_last
2025-04-01 09:51:30,216 - __main__ - INFO - Selector #last_last failed: Timeout 5000ms exceeded.
2025-04-01 09:51:30,216 - __main__ - ERROR - Could not find valid price element for CNY/RUB on ProFinance
2025-04-01 09:51:31,380 - __main__ - INFO - Successfully sent comparison for chat_id: 409847377
